{"level":"info","message":"Hello! This is a winston logger saying good morning!","service":"post-service"}
{"level":"info","message":"Listening on port 3081","service":"post-service"}
{"level":"info","message":"Hello! This is a winston logger saying good morning!","service":"post-service"}
{"level":"info","message":"Listening on port 3081","service":"post-service"}
{"level":"info","message":"Controller: createUserType","service":"post-service"}
{"level":"info","message":"Controller: createUserType","service":"post-service"}
{"level":"info","message":"Controller: createUserType","service":"post-service"}
{"level":"info","message":"Controller: createUserType","service":"post-service"}
{"level":"info","message":"Hello! This is a winston logger saying good morning!","service":"post-service"}
{"level":"info","message":"Listening on port 3081","service":"post-service"}
{"level":"info","message":"Controller: getUserId","service":"post-service"}
{"level":"info","message":"Controller: getUserId","service":"post-service"}
{"level":"info","message":"Controller: getUserTypeById","service":"post-service"}
{"level":"info","message":"Controller: getUserTypeById","service":"post-service"}
{"level":"info","message":"Controller: createUserType","service":"post-service"}
{"level":"info","message":"Controller: createUserType","service":"post-service"}
{"level":"info","message":"Controller: createUserType","service":"post-service"}
{"level":"info","message":"Controller: createUserType","service":"post-service"}
{"level":"info","message":"Controller: getUserId","service":"post-service"}
{"level":"info","message":"Controller: getUserId","service":"post-service"}
{"level":"info","message":"Controller: getUserTypeById","service":"post-service"}
{"level":"info","message":"Controller: getUserTypeById","service":"post-service"}
{"level":"info","message":"Controller: getUserId","service":"post-service"}
{"level":"info","message":"","service":"post-service"}
{"level":"info","message":"Controller: getUserId","service":"post-service"}
{"level":"info","message":"Controller: getUserId","service":"post-service"}
{"level":"info","message":"","service":"post-service"}
{"error":{"name":"SequelizeDatabaseError","original":{"code":"42703","file":"parse_relation.c","length":104,"line":"3611","name":"error","position":"151","routine":"errorMissingColumn","severity":"ERROR","sql":"SELECT \"Message_Id\", \"Message_Content\", \"Sender_Id\", \"Receiver_Id\", \"Message_DateCreated\" FROM \"Messages\" AS \"Message\" WHERE (\"Message\".\"Sender_Id\" = NaN OR \"Message\".\"Receiver_Id\" = NaN);"},"parameters":{},"parent":{"code":"42703","file":"parse_relation.c","length":104,"line":"3611","name":"error","position":"151","routine":"errorMissingColumn","severity":"ERROR","sql":"SELECT \"Message_Id\", \"Message_Content\", \"Sender_Id\", \"Receiver_Id\", \"Message_DateCreated\" FROM \"Messages\" AS \"Message\" WHERE (\"Message\".\"Sender_Id\" = NaN OR \"Message\".\"Receiver_Id\" = NaN);"},"sql":"SELECT \"Message_Id\", \"Message_Content\", \"Sender_Id\", \"Receiver_Id\", \"Message_DateCreated\" FROM \"Messages\" AS \"Message\" WHERE (\"Message\".\"Sender_Id\" = NaN OR \"Message\".\"Receiver_Id\" = NaN);"},"level":"error","service":"post-service"}
{"level":"info","message":"","service":"post-service"}
{"error":{"name":"SequelizeDatabaseError","original":{"code":"42703","file":"parse_relation.c","length":104,"line":"3611","name":"error","position":"151","routine":"errorMissingColumn","severity":"ERROR","sql":"SELECT \"Message_Id\", \"Message_Content\", \"Sender_Id\", \"Receiver_Id\", \"Message_DateCreated\" FROM \"Messages\" AS \"Message\" WHERE (\"Message\".\"Sender_Id\" = NaN OR \"Message\".\"Receiver_Id\" = NaN);"},"parameters":{},"parent":{"code":"42703","file":"parse_relation.c","length":104,"line":"3611","name":"error","position":"151","routine":"errorMissingColumn","severity":"ERROR","sql":"SELECT \"Message_Id\", \"Message_Content\", \"Sender_Id\", \"Receiver_Id\", \"Message_DateCreated\" FROM \"Messages\" AS \"Message\" WHERE (\"Message\".\"Sender_Id\" = NaN OR \"Message\".\"Receiver_Id\" = NaN);"},"sql":"SELECT \"Message_Id\", \"Message_Content\", \"Sender_Id\", \"Receiver_Id\", \"Message_DateCreated\" FROM \"Messages\" AS \"Message\" WHERE (\"Message\".\"Sender_Id\" = NaN OR \"Message\".\"Receiver_Id\" = NaN);"},"level":"error","service":"post-service"}
{"level":"info","message":"Controller: getUserId","service":"post-service"}
{"level":"info","message":"Controller: getUserId","service":"post-service"}
{"level":"info","message":"Controller: getUserId","service":"post-service"}
{"level":"info","message":"Controller: getUserInformation","service":"post-service"}
{"level":"info","message":"Controller: getUserId","service":"post-service"}
{"level":"info","message":"Controller: getUserInformation","service":"post-service"}
{"level":"info","message":"Controller: getUserTypeById","service":"post-service"}
{"level":"info","message":"Controller: getUserTypeById","service":"post-service"}
{"level":"info","message":"Controller: getUserId","service":"post-service"}
{"level":"info","message":"Controller: getUserInformation","service":"post-service"}
{"level":"info","message":"Controller: getUserId","service":"post-service"}
{"level":"info","message":"Controller: getUserInformation","service":"post-service"}
{"level":"info","message":"Controller: getUserId","service":"post-service"}
{"level":"info","message":"Controller: getUserId","service":"post-service"}
{"level":"info","message":"Controller: getUserId","service":"post-service"}
{"level":"info","message":"Controller: getUserId","service":"post-service"}
{"level":"info","message":"Controller: getUserInformation","service":"post-service"}
{"level":"info","message":"Controller: getUserInformation","service":"post-service"}
{"level":"info","message":"Controller: getUserTypeById","service":"post-service"}
{"level":"info","message":"Controller: getUserTypeById","service":"post-service"}
{"level":"info","message":"Controller: getUserId","service":"post-service"}
{"level":"info","message":"Controller: getUserInformation","service":"post-service"}
{"level":"info","message":"Controller: getUserId","service":"post-service"}
{"level":"info","message":"","service":"post-service"}
{"level":"info","message":"Controller: getUserId","service":"post-service"}
{"error":{"name":"SequelizeDatabaseError","original":{"code":"42703","file":"parse_relation.c","length":104,"line":"3611","name":"error","position":"151","routine":"errorMissingColumn","severity":"ERROR","sql":"SELECT \"Message_Id\", \"Message_Content\", \"Sender_Id\", \"Receiver_Id\", \"Message_DateCreated\" FROM \"Messages\" AS \"Message\" WHERE (\"Message\".\"Sender_Id\" = NaN OR \"Message\".\"Receiver_Id\" = NaN);"},"parameters":{},"parent":{"code":"42703","file":"parse_relation.c","length":104,"line":"3611","name":"error","position":"151","routine":"errorMissingColumn","severity":"ERROR","sql":"SELECT \"Message_Id\", \"Message_Content\", \"Sender_Id\", \"Receiver_Id\", \"Message_DateCreated\" FROM \"Messages\" AS \"Message\" WHERE (\"Message\".\"Sender_Id\" = NaN OR \"Message\".\"Receiver_Id\" = NaN);"},"sql":"SELECT \"Message_Id\", \"Message_Content\", \"Sender_Id\", \"Receiver_Id\", \"Message_DateCreated\" FROM \"Messages\" AS \"Message\" WHERE (\"Message\".\"Sender_Id\" = NaN OR \"Message\".\"Receiver_Id\" = NaN);"},"level":"error","service":"post-service"}
{"level":"info","message":"Controller: getUserId","service":"post-service"}
{"level":"info","message":"","service":"post-service"}
{"error":{"name":"SequelizeDatabaseError","original":{"code":"42703","file":"parse_relation.c","length":104,"line":"3611","name":"error","position":"151","routine":"errorMissingColumn","severity":"ERROR","sql":"SELECT \"Message_Id\", \"Message_Content\", \"Sender_Id\", \"Receiver_Id\", \"Message_DateCreated\" FROM \"Messages\" AS \"Message\" WHERE (\"Message\".\"Sender_Id\" = NaN OR \"Message\".\"Receiver_Id\" = NaN);"},"parameters":{},"parent":{"code":"42703","file":"parse_relation.c","length":104,"line":"3611","name":"error","position":"151","routine":"errorMissingColumn","severity":"ERROR","sql":"SELECT \"Message_Id\", \"Message_Content\", \"Sender_Id\", \"Receiver_Id\", \"Message_DateCreated\" FROM \"Messages\" AS \"Message\" WHERE (\"Message\".\"Sender_Id\" = NaN OR \"Message\".\"Receiver_Id\" = NaN);"},"sql":"SELECT \"Message_Id\", \"Message_Content\", \"Sender_Id\", \"Receiver_Id\", \"Message_DateCreated\" FROM \"Messages\" AS \"Message\" WHERE (\"Message\".\"Sender_Id\" = NaN OR \"Message\".\"Receiver_Id\" = NaN);"},"level":"error","service":"post-service"}
{"level":"info","message":"","service":"post-service"}
{"level":"info","message":"Controller: getUserId","service":"post-service"}
{"level":"info","message":"","service":"post-service"}
{"error":{"name":"SequelizeDatabaseError","original":{"code":"42703","file":"parse_relation.c","length":104,"line":"3611","name":"error","position":"151","routine":"errorMissingColumn","severity":"ERROR","sql":"SELECT \"Message_Id\", \"Message_Content\", \"Sender_Id\", \"Receiver_Id\", \"Message_DateCreated\" FROM \"Messages\" AS \"Message\" WHERE (\"Message\".\"Sender_Id\" = NaN OR \"Message\".\"Receiver_Id\" = NaN);"},"parameters":{},"parent":{"code":"42703","file":"parse_relation.c","length":104,"line":"3611","name":"error","position":"151","routine":"errorMissingColumn","severity":"ERROR","sql":"SELECT \"Message_Id\", \"Message_Content\", \"Sender_Id\", \"Receiver_Id\", \"Message_DateCreated\" FROM \"Messages\" AS \"Message\" WHERE (\"Message\".\"Sender_Id\" = NaN OR \"Message\".\"Receiver_Id\" = NaN);"},"sql":"SELECT \"Message_Id\", \"Message_Content\", \"Sender_Id\", \"Receiver_Id\", \"Message_DateCreated\" FROM \"Messages\" AS \"Message\" WHERE (\"Message\".\"Sender_Id\" = NaN OR \"Message\".\"Receiver_Id\" = NaN);"},"level":"error","service":"post-service"}
{"level":"info","message":"Controller: getUserId","service":"post-service"}
{"level":"info","message":"","service":"post-service"}
{"error":{"name":"SequelizeDatabaseError","original":{"code":"42703","file":"parse_relation.c","length":104,"line":"3611","name":"error","position":"151","routine":"errorMissingColumn","severity":"ERROR","sql":"SELECT \"Message_Id\", \"Message_Content\", \"Sender_Id\", \"Receiver_Id\", \"Message_DateCreated\" FROM \"Messages\" AS \"Message\" WHERE (\"Message\".\"Sender_Id\" = NaN OR \"Message\".\"Receiver_Id\" = NaN);"},"parameters":{},"parent":{"code":"42703","file":"parse_relation.c","length":104,"line":"3611","name":"error","position":"151","routine":"errorMissingColumn","severity":"ERROR","sql":"SELECT \"Message_Id\", \"Message_Content\", \"Sender_Id\", \"Receiver_Id\", \"Message_DateCreated\" FROM \"Messages\" AS \"Message\" WHERE (\"Message\".\"Sender_Id\" = NaN OR \"Message\".\"Receiver_Id\" = NaN);"},"sql":"SELECT \"Message_Id\", \"Message_Content\", \"Sender_Id\", \"Receiver_Id\", \"Message_DateCreated\" FROM \"Messages\" AS \"Message\" WHERE (\"Message\".\"Sender_Id\" = NaN OR \"Message\".\"Receiver_Id\" = NaN);"},"level":"error","service":"post-service"}
{"level":"info","message":"Controller: getUserId","service":"post-service"}
{"level":"info","message":"","service":"post-service"}
{"level":"info","message":"Controller: getUserId","service":"post-service"}
{"level":"info","message":"Controller: getUserId","service":"post-service"}
{"level":"info","message":"Controller: getUserTypeById","service":"post-service"}
{"level":"info","message":"Controller: getUserTypeById","service":"post-service"}
{"level":"info","message":"Controller: getUserId","service":"post-service"}
{"level":"info","message":"Controller: getUserId","service":"post-service"}
{"level":"info","message":"Controller: getUserId","service":"post-service"}
{"level":"info","message":"Controller: getUserId","service":"post-service"}
{"level":"info","message":"Controller: getUserInformation","service":"post-service"}
{"level":"info","message":"Controller: getUserInformation","service":"post-service"}
{"level":"info","message":"Controller: getUserTypeById","service":"post-service"}
{"level":"info","message":"Controller: getUserTypeById","service":"post-service"}
{"level":"info","message":"Controller: getPostInformation","service":"post-service"}
{"level":"info","message":"Controller: getPostInformation","service":"post-service"}
{"level":"info","message":"Controller: getPostInformation","service":"post-service"}
{"level":"info","message":"Controller: getPostInformation","service":"post-service"}
{"level":"info","message":"Controller: getPostInformation","service":"post-service"}
{"level":"info","message":"Controller: getPostInformation","service":"post-service"}
{"level":"info","message":"Controller: getUserId","service":"post-service"}
{"User_Id":1,"level":"info","message":"Controller: createPost","service":"post-service"}
{"level":"info","message":"Controller: getPostInformation","service":"post-service"}
{"level":"info","message":"Controller: getUserId","service":"post-service"}
{"level":"info","message":"Controller: getPostInformation","service":"post-service"}
{"level":"info","message":"Controller: getUserId","service":"post-service"}
{"level":"info","message":"Controller: getPostInformation","service":"post-service"}
{"level":"info","message":"Controller: getPostInformation","service":"post-service"}
{"level":"info","message":"Controller: getPostStats","service":"post-service"}
{"level":"info","message":"Controller: getPostById","service":"post-service"}
{"level":"info","message":"Controller: getUserInformation","service":"post-service"}
{"level":"info","message":"Controller: getUserTypeById","service":"post-service"}
{"level":"info","message":"Controller: getPostById","service":"post-service"}
{"level":"info","message":"Controller: getPostStats","service":"post-service"}
{"level":"info","message":"Controller: getUserInformation","service":"post-service"}
{"level":"info","message":"Controller: getUserTypeById","service":"post-service"}
{"level":"info","message":"Controller: getPostStats","service":"post-service"}
{"level":"info","message":"Controller: getPostById","service":"post-service"}
{"level":"info","message":"Controller: getUserInformation","service":"post-service"}
{"level":"info","message":"Controller: getPostStats","service":"post-service"}
{"level":"info","message":"Controller: getPostById","service":"post-service"}
{"level":"info","message":"Controller: getUserInformation","service":"post-service"}
{"level":"info","message":"Controller: getPostStats","service":"post-service"}
{"level":"info","message":"Controller: getPostById","service":"post-service"}
{"level":"info","message":"Controller: getUserInformation","service":"post-service"}
{"level":"info","message":"Controller: getPostById","service":"post-service"}
{"level":"info","message":"Controller: getComment","service":"post-service"}
{"level":"info","message":"Controller: getCommentInformation","service":"post-service"}
{"level":"info","message":"Controller: getComment","service":"post-service"}
{"level":"info","message":"Controller: getCommentInformation","service":"post-service"}
{"level":"info","message":"Controller: getUserId","service":"post-service"}
{"Comment_DeactivatedStatus":false,"Post_Id":1,"User_Id":1,"level":"info","message":"Controller: createComment","service":"post-service"}
{"level":"info","message":"Controller: getComment","service":"post-service"}
{"level":"info","message":"Controller: getCommentInformation","service":"post-service"}
{"level":"info","message":"Controller: getUserId","service":"post-service"}
{"level":"info","message":"Controller: getComment","service":"post-service"}
{"level":"info","message":"Controller: getCommentInformation","service":"post-service"}
{"level":"info","message":"Controller: getUserId","service":"post-service"}
{"level":"info","message":"Controller: getCommentInformation","service":"post-service"}
{"level":"info","message":"Controller: getUserInformation","service":"post-service"}
{"level":"info","message":"Controller: getCommentInformation","service":"post-service"}
{"level":"info","message":"Controller: getUserInformation","service":"post-service"}
{"level":"info","message":"Controller: getUserTypeById","service":"post-service"}
{"level":"info","message":"Controller: getCommentInformation","service":"post-service"}
{"level":"info","message":"Controller: getUserInformation","service":"post-service"}
{"level":"info","message":"Controller: getUserTypeById","service":"post-service"}
{"level":"info","message":"Controller: getPostInformation","service":"post-service"}
{"level":"info","message":"Controller: getPostInformation","service":"post-service"}
{"level":"info","message":"Controller: getPostInformation","service":"post-service"}
{"level":"info","message":"Controller: getPostInformation","service":"post-service"}
{"level":"info","message":"Controller: getPostStats","service":"post-service"}
{"level":"info","message":"Controller: getPostById","service":"post-service"}
{"level":"info","message":"Controller: getUserInformation","service":"post-service"}
{"level":"info","message":"Controller: getPostStats","service":"post-service"}
{"level":"info","message":"Controller: getPostById","service":"post-service"}
{"level":"info","message":"Controller: getPostStats","service":"post-service"}
{"level":"info","message":"Controller: getPostById","service":"post-service"}
{"level":"info","message":"Controller: getUserInformation","service":"post-service"}
{"level":"info","message":"Controller: getPostStats","service":"post-service"}
{"level":"info","message":"Controller: getPostById","service":"post-service"}
{"level":"info","message":"Controller: getUserInformation","service":"post-service"}
{"level":"info","message":"Controller: getPostStats","service":"post-service"}
{"level":"info","message":"Controller: getPostById","service":"post-service"}
{"level":"info","message":"Controller: getUserInformation","service":"post-service"}
{"level":"info","message":"Controller: getUserInformation","service":"post-service"}
{"level":"info","message":"Controller: getPostById","service":"post-service"}
{"level":"info","message":"Controller: getComment","service":"post-service"}
{"level":"info","message":"Controller: getCommentInformation","service":"post-service"}
{"level":"info","message":"Controller: getComment","service":"post-service"}
{"level":"info","message":"Controller: getCommentInformation","service":"post-service"}
{"level":"info","message":"Controller: getUserInformation","service":"post-service"}
{"level":"info","message":"Controller: getCommentInformation","service":"post-service"}
{"level":"info","message":"Controller: getUserInformation","service":"post-service"}
{"level":"info","message":"Controller: getCommentInformation","service":"post-service"}
{"level":"info","message":"Controller: getUserInformation","service":"post-service"}
{"level":"info","message":"Controller: getCommentInformation","service":"post-service"}
{"level":"info","message":"Controller: getUserId","service":"post-service"}
{"level":"info","message":"","service":"post-service"}
{"error":{"name":"SequelizeDatabaseError","original":{"code":"42703","file":"parse_relation.c","length":104,"line":"3611","name":"error","position":"151","routine":"errorMissingColumn","severity":"ERROR","sql":"SELECT \"Message_Id\", \"Message_Content\", \"Sender_Id\", \"Receiver_Id\", \"Message_DateCreated\" FROM \"Messages\" AS \"Message\" WHERE (\"Message\".\"Sender_Id\" = NaN OR \"Message\".\"Receiver_Id\" = NaN);"},"parameters":{},"parent":{"code":"42703","file":"parse_relation.c","length":104,"line":"3611","name":"error","position":"151","routine":"errorMissingColumn","severity":"ERROR","sql":"SELECT \"Message_Id\", \"Message_Content\", \"Sender_Id\", \"Receiver_Id\", \"Message_DateCreated\" FROM \"Messages\" AS \"Message\" WHERE (\"Message\".\"Sender_Id\" = NaN OR \"Message\".\"Receiver_Id\" = NaN);"},"sql":"SELECT \"Message_Id\", \"Message_Content\", \"Sender_Id\", \"Receiver_Id\", \"Message_DateCreated\" FROM \"Messages\" AS \"Message\" WHERE (\"Message\".\"Sender_Id\" = NaN OR \"Message\".\"Receiver_Id\" = NaN);"},"level":"error","service":"post-service"}
{"level":"info","message":"Controller: getUserId","service":"post-service"}
{"level":"info","message":"","service":"post-service"}
{"error":{"name":"SequelizeDatabaseError","original":{"code":"42703","file":"parse_relation.c","length":104,"line":"3611","name":"error","position":"151","routine":"errorMissingColumn","severity":"ERROR","sql":"SELECT \"Message_Id\", \"Message_Content\", \"Sender_Id\", \"Receiver_Id\", \"Message_DateCreated\" FROM \"Messages\" AS \"Message\" WHERE (\"Message\".\"Sender_Id\" = NaN OR \"Message\".\"Receiver_Id\" = NaN);"},"parameters":{},"parent":{"code":"42703","file":"parse_relation.c","length":104,"line":"3611","name":"error","position":"151","routine":"errorMissingColumn","severity":"ERROR","sql":"SELECT \"Message_Id\", \"Message_Content\", \"Sender_Id\", \"Receiver_Id\", \"Message_DateCreated\" FROM \"Messages\" AS \"Message\" WHERE (\"Message\".\"Sender_Id\" = NaN OR \"Message\".\"Receiver_Id\" = NaN);"},"sql":"SELECT \"Message_Id\", \"Message_Content\", \"Sender_Id\", \"Receiver_Id\", \"Message_DateCreated\" FROM \"Messages\" AS \"Message\" WHERE (\"Message\".\"Sender_Id\" = NaN OR \"Message\".\"Receiver_Id\" = NaN);"},"level":"error","service":"post-service"}
{"level":"info","message":"Controller: getUserId","service":"post-service"}
{"level":"info","message":"","service":"post-service"}
{"Message_Content":"Testest","level":"info","message":"Controller: createMessage","service":"post-service"}
{"level":"info","message":"Controller: getUserId","service":"post-service"}
{"level":"info","message":"","service":"post-service"}
{"error":{"name":"SequelizeDatabaseError","original":{"code":"42703","file":"parse_relation.c","length":104,"line":"3611","name":"error","position":"151","routine":"errorMissingColumn","severity":"ERROR","sql":"SELECT \"Message_Id\", \"Message_Content\", \"Sender_Id\", \"Receiver_Id\", \"Message_DateCreated\" FROM \"Messages\" AS \"Message\" WHERE (\"Message\".\"Sender_Id\" = NaN OR \"Message\".\"Receiver_Id\" = NaN);"},"parameters":{},"parent":{"code":"42703","file":"parse_relation.c","length":104,"line":"3611","name":"error","position":"151","routine":"errorMissingColumn","severity":"ERROR","sql":"SELECT \"Message_Id\", \"Message_Content\", \"Sender_Id\", \"Receiver_Id\", \"Message_DateCreated\" FROM \"Messages\" AS \"Message\" WHERE (\"Message\".\"Sender_Id\" = NaN OR \"Message\".\"Receiver_Id\" = NaN);"},"sql":"SELECT \"Message_Id\", \"Message_Content\", \"Sender_Id\", \"Receiver_Id\", \"Message_DateCreated\" FROM \"Messages\" AS \"Message\" WHERE (\"Message\".\"Sender_Id\" = NaN OR \"Message\".\"Receiver_Id\" = NaN);"},"level":"error","service":"post-service"}
{"level":"info","message":"","service":"post-service"}
{"error":{"name":"SequelizeDatabaseError","original":{"code":"42703","file":"parse_relation.c","length":104,"line":"3611","name":"error","position":"151","routine":"errorMissingColumn","severity":"ERROR","sql":"SELECT \"Message_Id\", \"Message_Content\", \"Sender_Id\", \"Receiver_Id\", \"Message_DateCreated\" FROM \"Messages\" AS \"Message\" WHERE (\"Message\".\"Sender_Id\" = NaN OR \"Message\".\"Receiver_Id\" = NaN);"},"parameters":{},"parent":{"code":"42703","file":"parse_relation.c","length":104,"line":"3611","name":"error","position":"151","routine":"errorMissingColumn","severity":"ERROR","sql":"SELECT \"Message_Id\", \"Message_Content\", \"Sender_Id\", \"Receiver_Id\", \"Message_DateCreated\" FROM \"Messages\" AS \"Message\" WHERE (\"Message\".\"Sender_Id\" = NaN OR \"Message\".\"Receiver_Id\" = NaN);"},"sql":"SELECT \"Message_Id\", \"Message_Content\", \"Sender_Id\", \"Receiver_Id\", \"Message_DateCreated\" FROM \"Messages\" AS \"Message\" WHERE (\"Message\".\"Sender_Id\" = NaN OR \"Message\".\"Receiver_Id\" = NaN);"},"level":"error","service":"post-service"}
{"level":"info","message":"Controller: getUserId","service":"post-service"}
{"level":"info","message":"Controller: getUserId","service":"post-service"}
{"level":"info","message":"Controller: getUserId","service":"post-service"}
{"level":"info","message":"Controller: getUserId","service":"post-service"}
{"level":"info","message":"","service":"post-service"}
{"level":"info","message":"Controller: getUserInformation","service":"post-service"}
{"level":"info","message":"Controller: getUserInformation","service":"post-service"}
{"level":"info","message":"Controller: getUserInformation","service":"post-service"}
{"level":"info","message":"Controller: getUserTypeById","service":"post-service"}
{"level":"info","message":"Controller: getUserInformation","service":"post-service"}
{"level":"info","message":"Controller: getUserTypeById","service":"post-service"}
{"level":"info","message":"Controller: getUserId","service":"post-service"}
{"level":"info","message":"Controller: getUserId","service":"post-service"}
{"level":"info","message":"Controller: getUserId","service":"post-service"}
{"level":"info","message":"Controller: getUserId","service":"post-service"}
{"level":"info","message":"Controller: getUserInformation","service":"post-service"}
{"level":"info","message":"Controller: getUserInformation","service":"post-service"}
{"level":"info","message":"Controller: getUserTypeById","service":"post-service"}
{"level":"info","message":"Controller: getUserTypeById","service":"post-service"}
{"level":"info","message":"Controller: getUserId","service":"post-service"}
{"level":"info","message":"Controller: getUserInformation","service":"post-service"}
{"level":"info","message":"Controller: getUserId","service":"post-service"}
{"level":"info","message":"","service":"post-service"}
{"level":"info","message":"Controller: getUserId","service":"post-service"}
{"level":"info","message":"Controller: getUserId","service":"post-service"}
{"level":"info","message":"","service":"post-service"}
{"error":{"name":"SequelizeDatabaseError","original":{"code":"42703","file":"parse_relation.c","length":104,"line":"3611","name":"error","position":"151","routine":"errorMissingColumn","severity":"ERROR","sql":"SELECT \"Message_Id\", \"Message_Content\", \"Sender_Id\", \"Receiver_Id\", \"Message_DateCreated\" FROM \"Messages\" AS \"Message\" WHERE (\"Message\".\"Sender_Id\" = NaN OR \"Message\".\"Receiver_Id\" = NaN);"},"parameters":{},"parent":{"code":"42703","file":"parse_relation.c","length":104,"line":"3611","name":"error","position":"151","routine":"errorMissingColumn","severity":"ERROR","sql":"SELECT \"Message_Id\", \"Message_Content\", \"Sender_Id\", \"Receiver_Id\", \"Message_DateCreated\" FROM \"Messages\" AS \"Message\" WHERE (\"Message\".\"Sender_Id\" = NaN OR \"Message\".\"Receiver_Id\" = NaN);"},"sql":"SELECT \"Message_Id\", \"Message_Content\", \"Sender_Id\", \"Receiver_Id\", \"Message_DateCreated\" FROM \"Messages\" AS \"Message\" WHERE (\"Message\".\"Sender_Id\" = NaN OR \"Message\".\"Receiver_Id\" = NaN);"},"level":"error","service":"post-service"}
{"level":"info","message":"","service":"post-service"}
{"error":{"name":"SequelizeDatabaseError","original":{"code":"42703","file":"parse_relation.c","length":104,"line":"3611","name":"error","position":"151","routine":"errorMissingColumn","severity":"ERROR","sql":"SELECT \"Message_Id\", \"Message_Content\", \"Sender_Id\", \"Receiver_Id\", \"Message_DateCreated\" FROM \"Messages\" AS \"Message\" WHERE (\"Message\".\"Sender_Id\" = NaN OR \"Message\".\"Receiver_Id\" = NaN);"},"parameters":{},"parent":{"code":"42703","file":"parse_relation.c","length":104,"line":"3611","name":"error","position":"151","routine":"errorMissingColumn","severity":"ERROR","sql":"SELECT \"Message_Id\", \"Message_Content\", \"Sender_Id\", \"Receiver_Id\", \"Message_DateCreated\" FROM \"Messages\" AS \"Message\" WHERE (\"Message\".\"Sender_Id\" = NaN OR \"Message\".\"Receiver_Id\" = NaN);"},"sql":"SELECT \"Message_Id\", \"Message_Content\", \"Sender_Id\", \"Receiver_Id\", \"Message_DateCreated\" FROM \"Messages\" AS \"Message\" WHERE (\"Message\".\"Sender_Id\" = NaN OR \"Message\".\"Receiver_Id\" = NaN);"},"level":"error","service":"post-service"}
{"level":"info","message":"Controller: getUserInformation","service":"post-service"}
{"level":"info","message":"Controller: getUserInformation","service":"post-service"}
{"level":"info","message":"Controller: getUserInformation","service":"post-service"}
{"level":"info","message":"Controller: getUserInformation","service":"post-service"}
{"level":"info","message":"Controller: getUserId","service":"post-service"}
{"level":"info","message":"Controller: getUserId","service":"post-service"}
{"level":"info","message":"Controller: getUserId","service":"post-service"}
{"level":"info","message":"Controller: getUserId","service":"post-service"}
{"level":"info","message":"Controller: getUserInformation","service":"post-service"}
{"level":"info","message":"Controller: getUserInformation","service":"post-service"}
{"level":"info","message":"Controller: getUserTypeById","service":"post-service"}
{"level":"info","message":"Controller: getUserTypeById","service":"post-service"}
{"level":"info","message":"Controller: getUserId","service":"post-service"}
{"level":"info","message":"","service":"post-service"}
{"level":"info","message":"Controller: getUserId","service":"post-service"}
{"level":"info","message":"Controller: getUserId","service":"post-service"}
{"level":"info","message":"","service":"post-service"}
{"error":{"name":"SequelizeDatabaseError","original":{"code":"42703","file":"parse_relation.c","length":104,"line":"3611","name":"error","position":"151","routine":"errorMissingColumn","severity":"ERROR","sql":"SELECT \"Message_Id\", \"Message_Content\", \"Sender_Id\", \"Receiver_Id\", \"Message_DateCreated\" FROM \"Messages\" AS \"Message\" WHERE (\"Message\".\"Sender_Id\" = NaN OR \"Message\".\"Receiver_Id\" = NaN);"},"parameters":{},"parent":{"code":"42703","file":"parse_relation.c","length":104,"line":"3611","name":"error","position":"151","routine":"errorMissingColumn","severity":"ERROR","sql":"SELECT \"Message_Id\", \"Message_Content\", \"Sender_Id\", \"Receiver_Id\", \"Message_DateCreated\" FROM \"Messages\" AS \"Message\" WHERE (\"Message\".\"Sender_Id\" = NaN OR \"Message\".\"Receiver_Id\" = NaN);"},"sql":"SELECT \"Message_Id\", \"Message_Content\", \"Sender_Id\", \"Receiver_Id\", \"Message_DateCreated\" FROM \"Messages\" AS \"Message\" WHERE (\"Message\".\"Sender_Id\" = NaN OR \"Message\".\"Receiver_Id\" = NaN);"},"level":"error","service":"post-service"}
{"level":"info","message":"","service":"post-service"}
{"error":{"name":"SequelizeDatabaseError","original":{"code":"42703","file":"parse_relation.c","length":104,"line":"3611","name":"error","position":"151","routine":"errorMissingColumn","severity":"ERROR","sql":"SELECT \"Message_Id\", \"Message_Content\", \"Sender_Id\", \"Receiver_Id\", \"Message_DateCreated\" FROM \"Messages\" AS \"Message\" WHERE (\"Message\".\"Sender_Id\" = NaN OR \"Message\".\"Receiver_Id\" = NaN);"},"parameters":{},"parent":{"code":"42703","file":"parse_relation.c","length":104,"line":"3611","name":"error","position":"151","routine":"errorMissingColumn","severity":"ERROR","sql":"SELECT \"Message_Id\", \"Message_Content\", \"Sender_Id\", \"Receiver_Id\", \"Message_DateCreated\" FROM \"Messages\" AS \"Message\" WHERE (\"Message\".\"Sender_Id\" = NaN OR \"Message\".\"Receiver_Id\" = NaN);"},"sql":"SELECT \"Message_Id\", \"Message_Content\", \"Sender_Id\", \"Receiver_Id\", \"Message_DateCreated\" FROM \"Messages\" AS \"Message\" WHERE (\"Message\".\"Sender_Id\" = NaN OR \"Message\".\"Receiver_Id\" = NaN);"},"level":"error","service":"post-service"}
{"level":"info","message":"Controller: getUserInformation","service":"post-service"}
{"level":"info","message":"Controller: getUserInformation","service":"post-service"}
{"level":"info","message":"Controller: getUserInformation","service":"post-service"}
{"level":"info","message":"Controller: getUserInformation","service":"post-service"}
{"level":"info","message":"Controller: getUserId","service":"post-service"}
{"level":"info","message":"Controller: getUserId","service":"post-service"}
{"level":"info","message":"Controller: getUserId","service":"post-service"}
{"level":"info","message":"Controller: getUserInformation","service":"post-service"}
{"level":"info","message":"Controller: getUserId","service":"post-service"}
{"level":"info","message":"Controller: getUserInformation","service":"post-service"}
{"level":"info","message":"Controller: getUserTypeById","service":"post-service"}
{"level":"info","message":"Controller: getUserTypeById","service":"post-service"}
{"level":"info","message":"Controller: getPostInformation","service":"post-service"}
{"level":"info","message":"Controller: getPostInformation","service":"post-service"}
{"level":"info","message":"Controller: getUserId","service":"post-service"}
{"level":"info","message":"","service":"post-service"}
{"error":{"name":"SequelizeDatabaseError","original":{"code":"42703","file":"parse_relation.c","length":104,"line":"3611","name":"error","position":"151","routine":"errorMissingColumn","severity":"ERROR","sql":"SELECT \"Message_Id\", \"Message_Content\", \"Sender_Id\", \"Receiver_Id\", \"Message_DateCreated\" FROM \"Messages\" AS \"Message\" WHERE (\"Message\".\"Sender_Id\" = NaN OR \"Message\".\"Receiver_Id\" = NaN);"},"parameters":{},"parent":{"code":"42703","file":"parse_relation.c","length":104,"line":"3611","name":"error","position":"151","routine":"errorMissingColumn","severity":"ERROR","sql":"SELECT \"Message_Id\", \"Message_Content\", \"Sender_Id\", \"Receiver_Id\", \"Message_DateCreated\" FROM \"Messages\" AS \"Message\" WHERE (\"Message\".\"Sender_Id\" = NaN OR \"Message\".\"Receiver_Id\" = NaN);"},"sql":"SELECT \"Message_Id\", \"Message_Content\", \"Sender_Id\", \"Receiver_Id\", \"Message_DateCreated\" FROM \"Messages\" AS \"Message\" WHERE (\"Message\".\"Sender_Id\" = NaN OR \"Message\".\"Receiver_Id\" = NaN);"},"level":"error","service":"post-service"}
{"level":"info","message":"","service":"post-service"}
{"error":{"name":"SequelizeDatabaseError","original":{"code":"42703","file":"parse_relation.c","length":104,"line":"3611","name":"error","position":"151","routine":"errorMissingColumn","severity":"ERROR","sql":"SELECT \"Message_Id\", \"Message_Content\", \"Sender_Id\", \"Receiver_Id\", \"Message_DateCreated\" FROM \"Messages\" AS \"Message\" WHERE (\"Message\".\"Sender_Id\" = NaN OR \"Message\".\"Receiver_Id\" = NaN);"},"parameters":{},"parent":{"code":"42703","file":"parse_relation.c","length":104,"line":"3611","name":"error","position":"151","routine":"errorMissingColumn","severity":"ERROR","sql":"SELECT \"Message_Id\", \"Message_Content\", \"Sender_Id\", \"Receiver_Id\", \"Message_DateCreated\" FROM \"Messages\" AS \"Message\" WHERE (\"Message\".\"Sender_Id\" = NaN OR \"Message\".\"Receiver_Id\" = NaN);"},"sql":"SELECT \"Message_Id\", \"Message_Content\", \"Sender_Id\", \"Receiver_Id\", \"Message_DateCreated\" FROM \"Messages\" AS \"Message\" WHERE (\"Message\".\"Sender_Id\" = NaN OR \"Message\".\"Receiver_Id\" = NaN);"},"level":"error","service":"post-service"}
{"level":"info","message":"Controller: getUserId","service":"post-service"}
{"level":"info","message":"Controller: getUserId","service":"post-service"}
{"level":"info","message":"","service":"post-service"}
{"level":"info","message":"Controller: getUserInformation","service":"post-service"}
{"level":"info","message":"Controller: getUserInformation","service":"post-service"}
{"level":"info","message":"Controller: getUserInformation","service":"post-service"}
{"level":"info","message":"Controller: getUserInformation","service":"post-service"}
{"level":"info","message":"Controller: getPostInformation","service":"post-service"}
{"level":"info","message":"Controller: getPostInformation","service":"post-service"}
{"level":"info","message":"Controller: getPostInformation","service":"post-service"}
{"level":"info","message":"Controller: getPostInformation","service":"post-service"}
{"level":"info","message":"Controller: getUserInformation","service":"post-service"}
{"level":"info","message":"Controller: getPostStats","service":"post-service"}
{"level":"info","message":"Controller: getPostById","service":"post-service"}
{"level":"info","message":"Controller: getUserInformation","service":"post-service"}
{"level":"info","message":"Controller: getPostStats","service":"post-service"}
{"level":"info","message":"Controller: getPostById","service":"post-service"}
{"level":"info","message":"Controller: getUserInformation","service":"post-service"}
{"level":"info","message":"Controller: getPostStats","service":"post-service"}
{"level":"info","message":"Controller: getPostById","service":"post-service"}
{"level":"info","message":"Controller: getPostStats","service":"post-service"}
{"level":"info","message":"Controller: getPostById","service":"post-service"}
{"level":"info","message":"Controller: getUserInformation","service":"post-service"}
{"level":"info","message":"Controller: getPostStats","service":"post-service"}
{"level":"info","message":"Controller: getPostById","service":"post-service"}
{"level":"info","message":"Controller: getUserInformation","service":"post-service"}
{"level":"info","message":"Controller: getPostById","service":"post-service"}
{"level":"info","message":"Controller: getComment","service":"post-service"}
{"level":"info","message":"Controller: getCommentInformation","service":"post-service"}
{"level":"info","message":"Controller: getComment","service":"post-service"}
{"level":"info","message":"Controller: getCommentInformation","service":"post-service"}
{"level":"info","message":"Controller: getUserInformation","service":"post-service"}
{"level":"info","message":"Controller: getCommentInformation","service":"post-service"}
{"level":"info","message":"Controller: getUserInformation","service":"post-service"}
{"level":"info","message":"Controller: getCommentInformation","service":"post-service"}
{"level":"info","message":"Controller: getUserInformation","service":"post-service"}
{"level":"info","message":"Controller: getCommentInformation","service":"post-service"}
{"level":"info","message":"Controller: getCommentInformation","service":"post-service"}
{"level":"info","message":"Controller: getUserInformation","service":"post-service"}
{"level":"info","message":"Controller: getUserId","service":"post-service"}
{"level":"info","message":"Controller: getComment","service":"post-service"}
{"level":"info","message":"Controller: getCommentInformation","service":"post-service"}
{"level":"info","message":"Controller: getComment","service":"post-service"}
{"level":"info","message":"Controller: getCommentInformation","service":"post-service"}
{"level":"info","message":"Controller: getUserId","service":"post-service"}
{"level":"info","message":"Controller: getCommentInformation","service":"post-service"}
{"level":"info","message":"Controller: getUserInformation","service":"post-service"}
{"level":"info","message":"Controller: getCommentInformation","service":"post-service"}
{"level":"info","message":"Controller: getUserInformation","service":"post-service"}
{"level":"info","message":"Controller: getUserTypeById","service":"post-service"}
{"level":"info","message":"Controller: getUserTypeById","service":"post-service"}
{"level":"info","message":"Controller: getCommentInformation","service":"post-service"}
{"level":"info","message":"Controller: getUserInformation","service":"post-service"}
{"level":"info","message":"Controller: getCommentInformation","service":"post-service"}
{"level":"info","message":"Controller: getUserInformation","service":"post-service"}
{"level":"info","message":"Controller: getUserId","service":"post-service"}
{"level":"info","message":"Controller: getComment","service":"post-service"}
{"level":"info","message":"Controller: getCommentInformation","service":"post-service"}
{"level":"info","message":"Controller: getComment","service":"post-service"}
{"level":"info","message":"Controller: getCommentInformation","service":"post-service"}
{"level":"info","message":"Controller: getUserId","service":"post-service"}
{"level":"info","message":"Controller: getCommentInformation","service":"post-service"}
{"level":"info","message":"Controller: getUserInformation","service":"post-service"}
{"level":"info","message":"Controller: getCommentInformation","service":"post-service"}
{"level":"info","message":"Controller: getUserInformation","service":"post-service"}
{"level":"info","message":"Controller: getUserTypeById","service":"post-service"}
{"level":"info","message":"Controller: getUserTypeById","service":"post-service"}
{"level":"info","message":"Controller: getCommentInformation","service":"post-service"}
{"level":"info","message":"Controller: getUserInformation","service":"post-service"}
{"level":"info","message":"Controller: getCommentInformation","service":"post-service"}
{"level":"info","message":"Controller: getUserInformation","service":"post-service"}
{"level":"info","message":"Controller: getUserId","service":"post-service"}
{"level":"info","message":"Controller: getComment","service":"post-service"}
{"level":"info","message":"Controller: getCommentInformation","service":"post-service"}
{"level":"info","message":"Controller: getComment","service":"post-service"}
{"level":"info","message":"Controller: getCommentInformation","service":"post-service"}
{"level":"info","message":"Controller: getUserId","service":"post-service"}
{"level":"info","message":"Controller: getCommentInformation","service":"post-service"}
{"level":"info","message":"Controller: getUserInformation","service":"post-service"}
{"level":"info","message":"Controller: getCommentInformation","service":"post-service"}
{"level":"info","message":"Controller: getUserInformation","service":"post-service"}
{"level":"info","message":"Controller: getUserTypeById","service":"post-service"}
{"level":"info","message":"Controller: getCommentInformation","service":"post-service"}
{"level":"info","message":"Controller: getUserInformation","service":"post-service"}
{"level":"info","message":"Controller: getUserTypeById","service":"post-service"}
{"level":"info","message":"Controller: getCommentInformation","service":"post-service"}
{"level":"info","message":"Controller: getUserInformation","service":"post-service"}
{"level":"info","message":"Controller: getUserId","service":"post-service"}
{"level":"info","message":"Controller: getComment","service":"post-service"}
{"level":"info","message":"Controller: getCommentInformation","service":"post-service"}
{"level":"info","message":"Controller: getComment","service":"post-service"}
{"level":"info","message":"Controller: getCommentInformation","service":"post-service"}
{"level":"info","message":"Controller: getUserId","service":"post-service"}
{"level":"info","message":"Controller: getCommentInformation","service":"post-service"}
{"level":"info","message":"Controller: getUserInformation","service":"post-service"}
{"level":"info","message":"Controller: getCommentInformation","service":"post-service"}
{"level":"info","message":"Controller: getUserInformation","service":"post-service"}
{"level":"info","message":"Controller: getUserTypeById","service":"post-service"}
{"level":"info","message":"Controller: getUserTypeById","service":"post-service"}
{"level":"info","message":"Controller: getCommentInformation","service":"post-service"}
{"level":"info","message":"Controller: getUserInformation","service":"post-service"}
{"level":"info","message":"Controller: getCommentInformation","service":"post-service"}
{"level":"info","message":"Controller: getUserInformation","service":"post-service"}
{"level":"info","message":"Controller: getCommentInformation","service":"post-service"}
{"level":"info","message":"Controller: getUserInformation","service":"post-service"}
{"level":"info","message":"Controller: getCommentInformation","service":"post-service"}
{"level":"info","message":"Controller: getUserInformation","service":"post-service"}
{"level":"info","message":"Controller: getCommentInformation","service":"post-service"}
{"level":"info","message":"Controller: getUserInformation","service":"post-service"}
{"level":"info","message":"Controller: getCommentInformation","service":"post-service"}
{"level":"info","message":"Controller: getUserInformation","service":"post-service"}
{"level":"info","message":"Controller: getCommentInformation","service":"post-service"}
{"level":"info","message":"Controller: getUserInformation","service":"post-service"}
{"level":"info","message":"Controller: getCommentInformation","service":"post-service"}
{"level":"info","message":"Controller: getUserInformation","service":"post-service"}
{"level":"info","message":"Controller: getCommentInformation","service":"post-service"}
{"level":"info","message":"Controller: getUserInformation","service":"post-service"}
